<?xml version="1.0" encoding="UTF-8"?>
<testng-results ignored="0" total="1" passed="1" failed="0" skipped="0">
  <reporter-output>
  </reporter-output>
  <suite started-at="2018-10-29T06:30:50Z" name="Suite1" finished-at="2018-10-29T06:30:51Z" duration-ms="251">
    <groups>
    </groups>
    <test started-at="2018-10-29T06:30:50Z" name="Test1" finished-at="2018-10-29T06:30:51Z" duration-ms="251">
      <class name="com.qa.tests.Test1">
        <test-method signature="test()[pri:0, instance:com.qa.tests.Test1@8c3b9d]" started-at="2018-10-29T06:30:50Z" name="test" finished-at="2018-10-29T06:30:50Z" duration-ms="105" status="PASS">
          <reporter-output>
          </reporter-output>
        </test-method> <!-- test -->
      </class> <!-- com.qa.tests.Test1 -->
    </test> <!-- Test1 -->
  </suite> <!-- Suite1 -->
</testng-results>
