<?xml version="1.0" encoding="UTF-8"?>
<testng-results ignored="0" total="1" passed="1" failed="0" skipped="0">
  <reporter-output>
  </reporter-output>
  <suite started-at="2018-10-30T09:07:36Z" name="Default suite" finished-at="2018-10-30T09:07:36Z" duration-ms="172">
    <groups>
    </groups>
    <test started-at="2018-10-30T09:07:36Z" name="Default test" finished-at="2018-10-30T09:07:36Z" duration-ms="172">
      <class name="com.qa.tests.Test1">
        <test-method signature="test()[pri:0, instance:com.qa.tests.Test1@5b94b04d]" started-at="2018-10-30T09:07:36Z" name="test" finished-at="2018-10-30T09:07:36Z" duration-ms="73" status="PASS">
          <reporter-output>
          </reporter-output>
        </test-method> <!-- test -->
      </class> <!-- com.qa.tests.Test1 -->
    </test> <!-- Default test -->
  </suite> <!-- Default suite -->
</testng-results>
